<?xml version="1.0" encoding="UTF-8"?>
<beans xmlns="http://www.springframework.org/schema/beans"
    xmlns:xsi="http://www.w3.org/2001/XMLSchema-instance"
    xsi:schemaLocation="http://www.springframework.org/schema/beans
                http://www.springframework.org/schema/beans/spring-beans-3.0.xsd">

    <!--<bean id="jdbcContext" class="springbook.user.dao.JdbcContext">
        <property name="dataSource" ref="dataSource" />
    </bean>-->
        <!--<bean id="connectionMaker" class="springbook.user.dao.DConnectionMaker" />-->
    <bean id="dataSource" class="org.springframework.jdbc.datasource.SimpleDriverDataSource">
        <property name="driverClass" value="org.h2.Driver" />
        <property name="url" value="jdbc:h2:tcp://localhost/~/testcase" />
        <property name="username" value="sa" />
        <property name="password" value="" />
    </bean>

    <bean id="userService" class="springbook.user.service.UserServiceTx">
        <!--<property name="userDao" ref="userDao" />-->
        <!--<property name="dataSource" ref="dataSource" />-->
        <property name="transactionManager" ref="transactionManager" />
        <property name="userService" ref="userServiceImpl" />
        <!--<property name="mailSender" ref="mailSender" />-->
    </bean>

    <bean id="userDao" class="springbook.user.dao.UserDaoJdbc">
        <!--<property name="connectionMaker" ref="connectionMaker" />-->
        <property name="dataSource" ref="dataSource" />
        <!--<property name="jdbcContext" ref="jdbcContext" />-->
    </bean>

    <bean id="transactionManager" class="org.springframework.jdbc.datasource.DataSourceTransactionManager">
        <property name="dataSource" ref="dataSource" />
    </bean>

<!--    <bean id="mailSender" class="org.springframework.mail.javamail.JavaMailSenderImpl">-->
<!--        <property name="host" value="mail.server.com" />-->
<!--    </bean>-->
    <bean id="mailSender" class="springbook.user.service.DummyMailSender" />
    <bean id="userServiceImpl" class="springbook.user.service.UserServiceImpl">
        <property name="userDao" ref="userDao" />
        <property name="mailSender" ref="mailSender" />
    </bean>

</beans>